1420052813|xerofoify|A|new
1420448240|roland|A|new
1420452845|xerofoify|A|new
1420461554|roland|M|alex.williamson
1420462383|joro|M|laurent.pinchart
1420462460|alex.williamson|M|roland
1420462777|jroedel|M|jerry.hoemann
1420463027|joro|M|k.kozlowski
1420463303|joro|M|wsa
1420463343|k.kozlowski|M|joro
1420465243|joro|M|k.kozlowski
1420476501|alex.williamson|M|roland
1420480019|thierry.reding|M|christian.koenig
1420517785|mitchelh|A|new
1420529449|mitchelh|A|new
1420540528|robherring2|M|mitchelh
1420544984|javier|M|m.szyprowski
1420548515|a.motakis|A|new
1420553707|will.deacon|M|mitchelh
1420567473|zhen-hual|M|indou.takao
1420568326|indou.takao|M|zhen-hual
1420583838|bhe|M|zhen-hual
1420585546|zhen-hual|M|bhe
1420595566|mitchelh|A|new
1420598141|mitchelh|A|new
1420620590|m-karicheri2|A|new
1420625580|will.deacon|M|mitchelh
1420628891|bhelgaas|M|m-karicheri2
1420630204|robherring2|M|m-karicheri2
1420630409|javier.martinez|M|jy0922.shim
1420630676|robherring2|M|m-karicheri2
1420635881|m-karicheri2|M|arnd
1420653319|joro|A|new
1420653860|will.deacon|M|mitchelh
1420656802|will.deacon|M|mitchelh
1420657025|will.deacon|M|arnd
1420660992|jy0922.shim|M|javier
1420661064|zhen-hual|A|new
1420664567|bhe|M|zhen-hual
1420665951|zhen-hual|M|bhe
1420666155|arnd|M|will.deacon
1420672715|arnd|M|m-karicheri2
1420673487|jiang.liu|A|new
1420676893|bhe|M|zhen-hual
1420678348|zhen-hual|M|bhe
1420683321|bhelgaas|M|alex.williamson
1420684302|hongbo.zhang|A|new
1420686696|zhen-hual|M|indou.takao
1420689331|jy0922.shim|M|javier.martinez
1420696356|m-karicheri2|M|bhelgaas
1420699010|roland|M|alex.williamson
1420705766|m-karicheri2|M|robherring2
1420707513|robherring2|M|will.deacon
1420709196|m-karicheri2|M|arnd
1420709984|alex.williamson|M|roland
1420710733|m-karicheri2|M|will.deacon
1420713610|arnd|M|robherring2
1420714386|will.deacon|M|arnd
1420714599|arnd|M|m-karicheri2
1420721191|m-karicheri2|M|arnd
1420721212|m-karicheri2|M|arnd
1420724671|m-karicheri2|M|arnd
1420732456|will.deacon|M|arnd
1420733186|will.deacon|M|m-karicheri2
1420740942|oded.gabbay|M|thierry.reding
1420742564|javier.martinez|M|jy0922.shim
1420743501|eric.auger|M|a.motakis
1420743618|indou.takao|M|zhen-hual
1420763051|arnd|M|m-karicheri2
1420763115|arnd|M|m-karicheri2
1420769111|arnd|M|m-karicheri2
1420774490|robherring2|M|arnd
1420799947|eric.auger|M|a.motakis
1420803175|will.deacon|M|arnd
1420804603|thierry.reding|M|oded.gabbay
1420810389|a.motakis|M|eric.auger
1420811652|will.deacon|A|new
1420811827|thierry.reding|M|markz
1420811900|feng.wu|M|joro
1420812201|joro|M|jiang.liu
1420814776|joro|M|feng.wu
1420822476|rkrcmar|M|feng.wu
1420822560|pbonzini|M|rkrcmar
1420822563|robin.murphy|A|new
1420823579|rkrcmar|M|pbonzini
1420823880|pbonzini|M|rkrcmar
1420824865|javier|M|hongbo.zhang
1420825668|rkrcmar|M|pbonzini
1420839949|arnd|M|robin.murphy
1421026933|alex.williamson|M|bhelgaas
1421040559|vgoyal|M|joro
1421043338|vgoyal|M|joro
1421067621|will.deacon|M|arnd
1421068044|robin.murphy|M|arnd
1421068631|javier|M|hongbo.zhang
1421078702|robin.murphy|M|joro
1421083135|joro|M|zhen-hual
1421083328|joro|M|zhen-hual
1421085072|robin.murphy|A|new
1421085140|joro|M|robin.murphy
1421085597|joro|M|oded.gabbay
1421086006|joro|M|vgoyal
1421086167|javier.martinez|M|jy0922.shim
1421088483|joro|M|vgoyal
1421095732|robin.murphy|A|new
1421103978|zhen-hual|A|new
1421108879|feng.wu|M|pbonzini
1421109626|jy0922.shim|M|javier.martinez
1421111259|bhe|M|zhen-hual
1421112498|zhen-hual|M|bhe
1421117489|hongbo.zhang|M|javier
1421147295|stefano.stabellini|M|robin.murphy
1421148095|javier.martinez|M|jy0922.shim
1421149439|javier.martinez|M|jy0922.shim
1421149525|robin.murphy|M|stefano.stabellini
1421150874|robin.murphy|M|yingjoe.chen
1421155152|m.szyprowski|M|robin.murphy
1421157173|joro|M|zhen-hual
1421170133|zhen-hual|M|joro
1421173036|rkrcmar|M|feng.wu
1421191451|jy0922.shim|M|javier.martinez
1421193728|yingjoe.chen|M|robin.murphy
1421194349|zhen-hual|M|joro
1421198841|feng.wu|M|rkrcmar
1421201942|javier.martinez|M|jy0922.shim
1421206868|bhe|M|vgoyal
1421206973|mitchelh|A|new
1421232370|will.deacon|M|acourbot
1421247734|pbonzini|M|feng.wu
1421250696|heiko|M|will.deacon
1421261950|rkrcmar|M|feng.wu
1421263070|will.deacon|M|heiko
1421290824|acourbot|M|will.deacon
1421292908|alex.williamson|A|new
1421317511|will.deacon|M|mitchelh
1421317724|thierry.reding|M|will.deacon
1421317806|thierry.reding|M|will.deacon
1421320337|will.deacon|M|thierry.reding
1421320431|will.deacon|M|thierry.reding
1421321069|tglx|M|jiang.liu
1421324983|shuahkh|A|new
1421346903|robin.murphy|M|yingjoe.chen
1421350138|bhe|M|zhen-hual
1421355424|acourbot|M|will.deacon
1421358319|zhen-hual|M|bhe
1421362897|bhe|M|zhen-hual
1421378301|laurent.pinchart|M|will.deacon
1421379711|alex.williamson|M|will.deacon
1421392263|alex.williamson|M|will.deacon
1421401639|shuahkh|A|new
1421406774|m.szyprowski|A|new
1421411620|m.szyprowski|M|sjoerd.simons
1421416397|shuahkh|A|new
1421421903|b.reynal|M|a.motakis
1421427512|will.deacon|A|new
1421430280|sjoerd.simons|M|m.szyprowski
1421438896|laurent.pinchart|A|new
1421439149|robin.murphy|M|yong.wu
1421440430|will.deacon|M|alex.williamson
1421450492|yong.wu|M|robin.murphy
1421594331|laurent.pinchart|M|acourbot
1421628874|acourbot|M|laurent.pinchart
1421642350|alex.williamson|M|a.motakis
1421644267|laurent.pinchart|M|m.szyprowski
1421665922|will.deacon|M|laurent.pinchart
1421667211|will.deacon|M|laurent.pinchart
1421668938|will.deacon|M|alex.williamson
1421669830|eric.auger|M|b.reynal
1421671852|will.deacon|M|thierry.reding
1421673523|will.deacon|M|joro
1421675031|varun.sethi|M|will.deacon
1421676588|will.deacon|M|varun.sethi
1421677860|thierry.reding|M|laurent.pinchart
1421678184|thierry.reding|M|laurent.pinchart
1421678428|will.deacon|M|jroedel
1421678586|thierry.reding|M|laurent.pinchart
1421678628|jroedel|M|will.deacon
1421678976|thierry.reding|M|laurent.pinchart
1421680181|joro|M|will.deacon
1421681664|laurent.pinchart|M|will.deacon
1421681798|thierry.reding|M|will.deacon
1421682245|joro|M|laurent.pinchart
1421683194|joro|M|robin.murphy
1421683266|joro|M|laurent.pinchart
1421683441|joro|M|shuahkh
1421683580|will.deacon|M|arnd
1421687958|arnd|M|will.deacon
1421688467|javier|M|m.szyprowski
1421689961|arnd|M|thierry.reding
1421690202|laurent.pinchart|M|will.deacon
1421691194|arnd|M|laurent.pinchart
1421691674|thierry.reding|M|arnd
1421694035|b.reynal|M|eric.auger
1421694179|arnd|M|thierry.reding
1421698167|eric.auger|M|b.reynal
1421725555|mitchelh|A|new
1421763403|will.deacon|M|mitchelh
1421767151|will.deacon|M|laurent.pinchart
1421769938|javier.martinez|M|jy0922.shim
1421773846|b.reynal|M|eric.auger
1421775668|laurent.pinchart|M|will.deacon
1421776050|laurent.pinchart|M|thierry.reding
1421776222|laurent.pinchart|M|thierry.reding
1421777142|laurent.pinchart|M|thierry.reding
1421778804|eric.auger|M|b.reynal
1421780890|jiang.liu|A|new
1421780891|jiang.liu|A|new
1421780892|jiang.liu|A|new
1421780893|jiang.liu|A|new
1421780894|jiang.liu|A|new
1421780896|jiang.liu|A|new
1421780898|jiang.liu|A|new
1421780899|jiang.liu|A|new
1421780900|jiang.liu|A|new
1421780902|jiang.liu|A|new
1421780911|jiang.liu|A|new
1421781241|laurent.pinchart|M|thierry.reding
1421782516|laurent.pinchart|M|will.deacon
1421785804|laurent.pinchart+renesas|M|joro
1421786492|laurent.pinchart|M|arnd
1421787363|laurent.pinchart|M|will.deacon
1421790683|jiang.liu|A|new
1421790684|jiang.liu|A|new
1421790685|jiang.liu|A|new
1421790686|jiang.liu|A|new
1421790689|jiang.liu|A|new
1421790690|jiang.liu|A|new
1421790691|jiang.liu|A|new
1421790692|jiang.liu|A|new
1421790693|jiang.liu|A|new
1421790694|jiang.liu|A|new
1421790695|jiang.liu|A|new
1421790705|jiang.liu|A|new
1421802254|nadav.amit|M|rkrcmar
1421817179|jy0922.shim|M|javier.martinez
1421834745|emilian.medve|A|new
1421851460|will.deacon|M|laurent.pinchart+renesas
1421851715|will.deacon|M|laurent.pinchart
1421852092|a.motakis|M|alex.williamson
1421859929|joro|M|laurent.pinchart
1421861244|joro|M|laurent.pinchart
1421866692|laurent.pinchart|M|will.deacon
1421866926|laurent.pinchart|M|will.deacon
1421867223|laurent.pinchart|M|joro
1421868665|laurent.pinchart|M|joro
1421882183|rkrcmar|M|nadav.amit
1421890648|liquid.acid|M|m.szyprowski
1421894840|emilian.medve|A|new
1421912882|mitchelh|A|new
1421923725|varun.sethi|M|emilian.medve
1421937908|sumit.semwal|M|m.szyprowski
1421943923|will.deacon|A|new
1421977335|lauraa|M|robin.murphy
1421993471|varun.sethi|M|emilian.medve
1421993540|varun.sethi|M|emilian.medve
1421993712|varun.sethi|M|emilian.medve
1421994800|mitchelh|A|new
1421994931|robherring2|M|m-karicheri2
1422001148|m-karicheri2|M|robherring2
1422012255|will.deacon|M|mitchelh
1422012445|bhelgaas|M|m-karicheri2
1422013284|bhelgaas|M|m-karicheri2
1422016353|m-karicheri2|A|new
1422024058|m.szyprowski|M|javier
1422026765|will.deacon|M|robin.murphy
1422028136|javier|M|m.szyprowski
1422031679|catalin.marinas|M|robin.murphy
1422032695|will.deacon|M|arnd
1422034044|arnd|M|laurent.pinchart+renesas
1422034388|robin.murphy|M|will.deacon
1422034670|thierry.reding|A|new
1422034891|robin.murphy|M|catalin.marinas
1422035470|m.szyprowski|A|new
1422036843|robin.murphy|M|lauraa
1422036943|m.szyprowski|M|javier
1422037309|laurent.pinchart+renesas|A|new
1422038688|javier|M|m.szyprowski
1422039645|arnd|M|laurent.pinchart
1422042925|laurent.pinchart|M|arnd
1422148430|laurent.pinchart+renesas|A|new
1422152353|laurent.pinchart+renesas|M|laurent.pinchart
1422206204|oded.gabbay|A|new
1422207162|laurent.pinchart|M|m-karicheri2
1422214702|laurent.pinchart|M|m.szyprowski
1422239651|heiko|M|laurent.pinchart+renesas
1422255715|jbarnes|M|oded.gabbay
1422262141|m-karicheri2|M|laurent.pinchart
1422270598|will.deacon|M|joro
1422273598|bhelgaas|M|m-karicheri2
1422276149|jroedel|M|laurent.pinchart+renesas
1422277259|joro|M|laurent.pinchart
1422278739|m-karicheri2|M|bhelgaas
1422278934|m-karicheri2|M|bhelgaas
1422281167|m.szyprowski|M|joro
1422281778|joro|M|shuahkh
1422282373|joro|M|will.deacon
1422283303|joro|M|thierry.reding
1422283563|joro|M|laurent.pinchart
1422283793|joro|M|emilian.medve
1422287221|joro|M|laurent.pinchart
1422291837|laurent.pinchart|M|joro
1422300345|josephl|M|robin.murphy
1422312035|emilian.medve|M|joro
1422321022|josephl|M|robin.murphy
1422323426|joro|A|new
1422323490|joro|A|new
1422324534|joro|A|new
1422325276|joro|M|robin.murphy
1422335995|m-karicheri2|M|catalin.marinas
1422337485|m-karicheri2|M|robin.murphy
1422340931|bhelgaas|M|m-karicheri2
1422346454|m-karicheri2|M|bhelgaas
1422348346|m-karicheri2|M|bhelgaas
1422348915|m-karicheri2|M|robin.murphy
1422356397|m-karicheri2|A|new
1422357152|robin.murphy|M|m-karicheri2
1422357299|laurent.pinchart|M|joro
1422358038|robin.murphy|M|m-karicheri2
1422358456|catalin.marinas|M|robin.murphy
1422361659|robin.murphy|M|joro
1422364085|jroedel|M|emilian.medve
1422366268|alex.williamson|M|feng.wu
1422368308|robherring2|M|m-karicheri2
1422369434|robherring2|M|m-karicheri2
1422369489|joro|M|robin.murphy
1422370165|robherring2|M|m-karicheri2
1422379845|robin.murphy|M|josephl
1422393916|laurent.pinchart+renesas|A|new
1422397544|hongbo.zhang|M|m.szyprowski
1422411935|heiko|M|laurent.pinchart+renesas
1422412472|emilian.medve|A|new
1422416719|robherring2|M|catalin.marinas
1422419151|stripathi|A|new
1422420292|feng.wu|M|alex.williamson
1422422482|m-karicheri2|M|will.deacon
1422422892|m-karicheri2|M|robin.murphy
1422430499|m-karicheri2|M|robherring2
1422443123|catalin.marinas|M|m-karicheri2
1422444114|robin.murphy|M|m-karicheri2
1422444780|will.deacon|M|m-karicheri2
1422446859|will.deacon|M|mitchelh
1422448182|will.deacon|M|laurent.pinchart
1422448832|laurent.pinchart|M|laurent.pinchart+renesas
1422451939|will.deacon|M|laurent.pinchart
1422453235|will.deacon|M|joro
1422454774|will.deacon|M|joro
1422455406|will.deacon|M|joro
1422455724|will.deacon|M|joro
1422455932|will.deacon|M|joro
1422457863|robin.murphy|M|will.deacon
1422458557|dwmw2|M|feng.wu
1422458807|dwmw2|M|feng.wu
1422458811|dwmw2|M|feng.wu
1422458946|dwmw2|M|feng.wu
1422459122|dwmw2|M|feng.wu
1422459450|dwmw2|M|feng.wu
1422459593|dwmw2|M|feng.wu
1422460557|robin.murphy|M|catalin.marinas
1422462183|laurent.pinchart|M|will.deacon
1422463553|arnd|A|new
1422465310|laurent.pinchart|M|will.deacon
1422465811|catalin.marinas|M|robherring2
1422466248|catalin.marinas|M|robin.murphy
1422469375|josephl|M|robin.murphy
1422497635|alex.williamson|M|remy.gauguey
1422500245|olof|M|heiko
1422502320|laurent.pinchart|M|will.deacon
1422506978|robherring2|M|laurent.pinchart
1422507573|m-karicheri2|M|laurent.pinchart
1422508018|alex.williamson|M|jan.kiszka
1422518124|feng.wu|M|dwmw2
1422520451|feng.wu|M|dwmw2
1422521874|feng.wu|M|dwmw2
1422534254|remy.gauguey|A|new
1422557740|emilian.medve|M|varun.sethi
1422562914|jan.kiszka|A|new
1422584320|emilian.medve|M|varun.sethi
1422584337|hpa|M|feng.wu
1422584621|emilian.medve|M|varun.sethi
1422591891|laurent.pinchart|M|robherring2
1422595432|m-karicheri2|M|laurent.pinchart
1422598286|alex.williamson|M|markh
1422600360|varun.sethi|M|emilian.medve
1422601075|varun.sethi|M|emilian.medve
1422601827|varun.sethi|M|emilian.medve
1422601933|varun.sethi|M|emilian.medve
1422602037|varun.sethi|M|emilian.medve
1422602117|varun.sethi|M|emilian.medve
1422602275|varun.sethi|M|emilian.medve
1422602380|varun.sethi|M|emilian.medve
1422603013|varun.sethi|M|emilian.medve
1422603183|varun.sethi|M|emilian.medve
1422603617|varun.sethi|M|emilian.medve
1422603659|varun.sethi|M|emilian.medve
1422603724|varun.sethi|M|emilian.medve
1422603874|varun.sethi|M|emilian.medve
1422604002|varun.sethi|M|emilian.medve
1422604042|varun.sethi|M|emilian.medve
1422604280|alex.williamson|M|markh
1422605187|m-karicheri2|M|catalin.marinas
1422609658|varun.sethi|M|emilian.medve
1422610188|varun.sethi|M|emilian.medve
1422610238|varun.sethi|M|emilian.medve
1422610291|varun.sethi|M|emilian.medve
1422610363|varun.sethi|M|emilian.medve
1422610395|varun.sethi|M|emilian.medve
1422610418|varun.sethi|M|emilian.medve
1422610485|varun.sethi|M|emilian.medve
1422610537|varun.sethi|M|emilian.medve
1422610858|varun.sethi|M|emilian.medve
1422611002|varun.sethi|M|emilian.medve
1422616048|markh|M|alex.williamson
1422627754|joro|M|will.deacon
1422627930|joro|M|will.deacon
1422628094|joro|M|will.deacon
1422628159|joro|M|will.deacon
1422628240|joro|M|emilian.medve
1422628804|joro|M|arnd
1422629041|varun.sethi|M|emilian.medve
1422629265|varun.sethi|M|emilian.medve
1422629303|joro|M|laurent.pinchart+renesas
1422629417|varun.sethi|M|joro
1422632766|b.reynal|A|new
1422635020|joro|A|new
1422639386|joro|M|varun.sethi
1422645146|markh|A|new
1422662155|arnd|A|new
1422683938|timur|M|emilian.medve
1422725834|varun.sethi|M|joro
